<?xml version="1.0" encoding="UTF-8"?>
<!-- Generated by org.testng.reporters.JUnitReportReporter -->
<testsuite hostname="BLTSL00991" name="tesngbasics.BasicTrial" tests="4" failures="0" timestamp="12 May 2020 20:21:01 GMT" time="0.013" errors="0">
  <testcase name="googleNametest" time="0.007" classname="tesngbasics.BasicTrial"/>
  <testcase name="googleThistest" time="0.002" classname="tesngbasics.BasicTrial"/>
  <testcase name="googleSomeTest" time="0.002" classname="tesngbasics.BasicTrial"/>
  <testcase name="googleTitleTest" time="0.002" classname="tesngbasics.BasicTrial"/>
</testsuite>
