<?xml version="1.0" encoding="UTF-8"?>
<!-- Generated by org.testng.reporters.JUnitReportReporter -->
<testsuite hostname="BLTSL00991" name="tesngbasics.FeaturesTest" tests="3" failures="0" timestamp="12 May 2020 20:27:53 GMT" time="0.025" errors="0">
  <testcase name="loginTest" time="0.019" classname="tesngbasics.FeaturesTest"/>
  <testcase name="logoutTest" time="0.002" classname="tesngbasics.FeaturesTest"/>
  <testcase name="homePageTest" time="0.004" classname="tesngbasics.FeaturesTest"/>
</testsuite>
