<?xml version="1.0" encoding="UTF-8"?>
<!-- Generated by org.testng.reporters.JUnitReportReporter -->
<testsuite hostname="BLTSL00991" name="tesngbasics.RepeatTest" tests="10" failures="0" timestamp="12 May 2020 20:31:33 GMT" time="0.041" errors="0">
  <testcase name="loginTest" time="0.003" classname="tesngbasics.RepeatTest"/>
  <testcase name="loginTest" time="0.002" classname="tesngbasics.RepeatTest"/>
  <testcase name="loginTest" time="0.013" classname="tesngbasics.RepeatTest"/>
  <testcase name="loginTest" time="0.003" classname="tesngbasics.RepeatTest"/>
  <testcase name="loginTest" time="0.002" classname="tesngbasics.RepeatTest"/>
  <testcase name="loginTest" time="0.004" classname="tesngbasics.RepeatTest"/>
  <testcase name="loginTest" time="0.005" classname="tesngbasics.RepeatTest"/>
  <testcase name="loginTest" time="0.006" classname="tesngbasics.RepeatTest"/>
  <testcase name="loginTest" time="0.002" classname="tesngbasics.RepeatTest"/>
  <testcase name="loginTest" time="0.001" classname="tesngbasics.RepeatTest"/>
</testsuite>
